# JRE version: OpenJDK Runtime Environment (8.0_202-b03) (build 1.8.0_202-release-1483-b03)
# Java VM: OpenJDK 64-Bit Server VM (25.202-b03 mixed mode windows-amd64 compressed oops)
Heap:
 PSYoungGen      total 326656K, used 102087K [0x00000000e0000000, 0x00000000f6680000, 0x0000000100000000)
  eden space 296960K, 24% used [0x00000000e0000000,0x00000000e46b49d8,0x00000000f2200000)
  from space 29696K, 99% used [0x00000000f2200000,0x00000000f3efd568,0x00000000f3f00000)
  to   space 30720K, 0% used [0x00000000f3f00000,0x00000000f3f00000,0x00000000f5d00000)
 ParOldGen       total 353280K, used 242468K [0x00000000a0000000, 0x00000000b5900000, 0x00000000e0000000)
  object space 353280K, 68% used [0x00000000a0000000,0x00000000aecc9380,0x00000000b5900000)
 Metaspace       used 101683K, capacity 108711K, committed 108876K, reserved 1144832K
  class space    used 12766K, capacity 13882K, committed 13912K, reserved 1048576K
GC Heap History (10 events):
Event: 9645.857 GC heap before
{Heap before GC invocations=82 (full 5):
 PSYoungGen      total 318464K, used 302946K [0x00000000e0000000, 0x00000000f5580000, 0x0000000100000000)
  eden space 291328K, 100% used [0x00000000e0000000,0x00000000f1c80000,0x00000000f1c80000)
  from space 27136K, 42% used [0x00000000f3b00000,0x00000000f4658830,0x00000000f5580000)
  to   space 29184K, 0% used [0x00000000f1c80000,0x00000000f1c80000,0x00000000f3900000)
 ParOldGen       total 353280K, used 53442K [0x00000000a0000000, 0x00000000b5900000, 0x00000000e0000000)
  object space 353280K, 15% used [0x00000000a0000000,0x00000000a3430a80,0x00000000b5900000)
 Metaspace       used 100646K, capacity 107597K, committed 107852K, reserved 1142784K
  class space    used 12656K, capacity 13781K, committed 13912K, reserved 1048576K
Event: 9645.877 GC heap after
Heap after GC invocations=82 (full 5):
 PSYoungGen      total 320512K, used 21026K [0x00000000e0000000, 0x00000000f5d00000, 0x0000000100000000)
  eden space 291328K, 0% used [0x00000000e0000000,0x00000000e0000000,0x00000000f1c80000)
  from space 29184K, 72% used [0x00000000f1c80000,0x00000000f3108b38,0x00000000f3900000)
  to   space 30720K, 0% used [0x00000000f3f00000,0x00000000f3f00000,0x00000000f5d00000)
 ParOldGen       total 353280K, used 53490K [0x00000000a0000000, 0x00000000b5900000, 0x00000000e0000000)
  object space 353280K, 15% used [0x00000000a0000000,0x00000000a343ca80,0x00000000b5900000)
 Metaspace       used 100646K, capacity 107597K, committed 107852K, reserved 1142784K
  class space    used 12656K, capacity 13781K, committed 13912K, reserved 1048576K
}
Event: 9646.446 GC heap before
{Heap before GC invocations=83 (full 5):
 PSYoungGen      total 320512K, used 312354K [0x00000000e0000000, 0x00000000f5d00000, 0x0000000100000000)
  eden space 291328K, 100% used [0x00000000e0000000,0x00000000f1c80000,0x00000000f1c80000)
  from space 29184K, 72% used [0x00000000f1c80000,0x00000000f3108b38,0x00000000f3900000)
  to   space 30720K, 0% used [0x00000000f3f00000,0x00000000f3f00000,0x00000000f5d00000)
 ParOldGen       total 353280K, used 53490K [0x00000000a0000000, 0x00000000b5900000, 0x00000000e0000000)
  object space 353280K, 15% used [0x00000000a0000000,0x00000000a343ca80,0x00000000b5900000)
 Metaspace       used 100957K, capacity 107891K, committed 108108K, reserved 1142784K
  class space    used 12664K, capacity 13788K, committed 13912K, reserved 1048576K
Event: 9646.461 GC heap after
Heap after GC invocations=83 (full 5):
 PSYoungGen      total 327680K, used 15106K [0x00000000e0000000, 0x00000000f6680000, 0x0000000100000000)
  eden space 296960K, 0% used [0x00000000e0000000,0x00000000e0000000,0x00000000f2200000)
  from space 30720K, 49% used [0x00000000f3f00000,0x00000000f4dc0a00,0x00000000f5d00000)
  to   space 29696K, 0% used [0x00000000f2200000,0x00000000f2200000,0x00000000f3f00000)
 ParOldGen       total 353280K, used 53514K [0x00000000a0000000, 0x00000000b5900000, 0x00000000e0000000)
  object space 353280K, 15% used [0x00000000a0000000,0x00000000a3442a80,0x00000000b5900000)
 Metaspace       used 100957K, capacity 107891K, committed 108108K, reserved 1142784K
  class space    used 12664K, capacity 13788K, committed 13912K, reserved 1048576K
}
Event: 9647.497 GC heap before
{Heap before GC invocations=84 (full 5):
 PSYoungGen      total 327680K, used 312066K [0x00000000e0000000, 0x00000000f6680000, 0x0000000100000000)
  eden space 296960K, 100% used [0x00000000e0000000,0x00000000f2200000,0x00000000f2200000)
  from space 30720K, 49% used [0x00000000f3f00000,0x00000000f4dc0a00,0x00000000f5d00000)
  to   space 29696K, 0% used [0x00000000f2200000,0x00000000f2200000,0x00000000f3f00000)
 ParOldGen       total 353280K, used 53514K [0x00000000a0000000, 0x00000000b5900000, 0x00000000e0000000)
  object space 353280K, 15% used [0x00000000a0000000,0x00000000a3442a80,0x00000000b5900000)
 Metaspace       used 101592K, capacity 108607K, committed 108876K, reserved 1144832K
  class space    used 12758K, capacity 13876K, committed 13912K, reserved 1048576K
Event: 9647.582 GC heap after
Heap after GC invocations=84 (full 5):
 PSYoungGen      total 326656K, used 29692K [0x00000000e0000000, 0x00000000f6680000, 0x0000000100000000)
  eden space 296960K, 0% used [0x00000000e0000000,0x00000000e0000000,0x00000000f2200000)
  from space 29696K, 99% used [0x00000000f2200000,0x00000000f3eff338,0x00000000f3f00000)
  to   space 30720K, 0% used [0x00000000f3f00000,0x00000000f3f00000,0x00000000f5d00000)
 ParOldGen       total 353280K, used 114770K [0x00000000a0000000, 0x00000000b5900000, 0x00000000e0000000)
  object space 353280K, 32% used [0x00000000a0000000,0x00000000a7014908,0x00000000b5900000)
 Metaspace       used 101592K, capacity 108607K, committed 108876K, reserved 1144832K
  class space    used 12758K, capacity 13876K, committed 13912K, reserved 1048576K
}
Event: 9647.879 GC heap before
{Heap before GC invocations=85 (full 5):
 PSYoungGen      total 326656K, used 326652K [0x00000000e0000000, 0x00000000f6680000, 0x0000000100000000)
  eden space 296960K, 100% used [0x00000000e0000000,0x00000000f2200000,0x00000000f2200000)
  from space 29696K, 99% used [0x00000000f2200000,0x00000000f3eff338,0x00000000f3f00000)
  to   space 30720K, 0% used [0x00000000f3f00000,0x00000000f3f00000,0x00000000f5d00000)
 ParOldGen       total 353280K, used 114770K [0x00000000a0000000, 0x00000000b5900000, 0x00000000e0000000)
  object space 353280K, 32% used [0x00000000a0000000,0x00000000a7014908,0x00000000b5900000)
 Metaspace       used 101629K, capacity 108619K, committed 108876K, reserved 1144832K
  class space    used 12760K, capacity 13878K, committed 13912K, reserved 1048576K
Event: 9647.945 GC heap after
Heap after GC invocations=85 (full 5):
 PSYoungGen      total 327680K, used 30695K [0x00000000e0000000, 0x00000000f6680000, 0x0000000100000000)
  eden space 296960K, 0% used [0x00000000e0000000,0x00000000e0000000,0x00000000f2200000)
  from space 30720K, 99% used [0x00000000f3f00000,0x00000000f5cf9fa8,0x00000000f5d00000)
  to   space 29696K, 0% used [0x00000000f2200000,0x00000000f2200000,0x00000000f3f00000)
 ParOldGen       total 353280K, used 184017K [0x00000000a0000000, 0x00000000b5900000, 0x00000000e0000000)
  object space 353280K, 52% used [0x00000000a0000000,0x00000000ab3b46f0,0x00000000b5900000)
 Metaspace       used 101629K, capacity 108619K, committed 108876K, reserved 1144832K
  class space    used 12760K, capacity 13878K, committed 13912K, reserved 1048576K
}
Event: 9648.349 GC heap before
{Heap before GC invocations=86 (full 5):
 PSYoungGen      total 327680K, used 327655K [0x00000000e0000000, 0x00000000f6680000, 0x0000000100000000)
  eden space 296960K, 100% used [0x00000000e0000000,0x00000000f2200000,0x00000000f2200000)
  from space 30720K, 99% used [0x00000000f3f00000,0x00000000f5cf9fa8,0x00000000f5d00000)
  to   space 29696K, 0% used [0x00000000f2200000,0x00000000f2200000,0x00000000f3f00000)
 ParOldGen       total 353280K, used 184017K [0x00000000a0000000, 0x00000000b5900000, 0x00000000e0000000)
  object space 353280K, 52% used [0x00000000a0000000,0x00000000ab3b46f0,0x00000000b5900000)
 Metaspace       used 101683K, capacity 108711K, committed 108876K, reserved 1144832K
  class space    used 12766K, capacity 13882K, committed 13912K, reserved 1048576K
Event: 9648.436 GC heap after
Heap after GC invocations=86 (full 5):
 PSYoungGen      total 326656K, used 29685K [0x00000000e0000000, 0x00000000f6680000, 0x0000000100000000)
  eden space 296960K, 0% used [0x00000000e0000000,0x00000000e0000000,0x00000000f2200000)
  from space 29696K, 99% used [0x00000000f2200000,0x00000000f3efd568,0x00000000f3f00000)
  to   space 30720K, 0% used [0x00000000f3f00000,0x00000000f3f00000,0x00000000f5d00000)
 ParOldGen       total 353280K, used 242468K [0x00000000a0000000, 0x00000000b5900000, 0x00000000e0000000)
  object space 353280K, 68% used [0x00000000a0000000,0x00000000aecc9380,0x00000000b5900000)
 Metaspace       used 101683K, capacity 108711K, committed 108876K, reserved 1144832K
  class space    used 12766K, capacity 13882K, committed 13912K, reserved 1048576K
}

